<?xml version="1.0" encoding="UTF-8"?>
<!-- Generated by org.testng.reporters.JUnitReportReporter -->
<testsuite hostname="DESKTOP-VGD5CQU" failures="0" tests="1" name="script.Trial2" time="0.005" errors="0" timestamp="2019-11-28T09:04:39 IST" skipped="0">
  <testcase classname="script.Trial2" name="demo2" time="0.005"/>
</testsuite> <!-- script.Trial2 -->
