<?xml version="1.0" encoding="UTF-8"?>
<!-- Generated by org.testng.reporters.JUnitReportReporter -->
<testsuite hostname="DESKTOP-VGD5CQU" failures="0" tests="1" name="script.TestValidLogin" time="20.348" errors="0" timestamp="2019-11-28T17:13:52 IST" skipped="0">
  <testcase classname="script.TestValidLogin" name="validLogin" time="20.348"/>
</testsuite> <!-- script.TestValidLogin -->
