<?xml version="1.0" encoding="UTF-8"?>
<!-- Generated by org.testng.reporters.JUnitReportReporter -->
<testsuite hostname="DESKTOP-VGD5CQU" failures="0" tests="1" name="script.TestValidLogin" time="21.201" errors="0" timestamp="2019-12-02T14:10:05 IST" skipped="0">
  <testcase classname="script.TestValidLogin" name="validLogin" time="21.201"/>
</testsuite> <!-- script.TestValidLogin -->
