<?xml version="1.0" encoding="UTF-8"?>
<!-- Generated by org.testng.reporters.JUnitReportReporter -->
<testsuite hostname="DESKTOP-VGD5CQU" failures="0" tests="1" name="script.Demo1" time="24.125" errors="0" timestamp="2019-11-28T09:35:17 IST" skipped="0">
  <testcase classname="script.Demo1" name="testA" time="24.125"/>
</testsuite> <!-- script.Demo1 -->
